mode: set
desafio-nu/core/usecases/capital-gain.go:12.51,14.2 1 1
desafio-nu/core/usecases/capital-gain.go:16.100,23.32 6 1
desafio-nu/core/usecases/capital-gain.go:36.2,36.22 1 1
desafio-nu/core/usecases/capital-gain.go:23.32,24.23 1 1
desafio-nu/core/usecases/capital-gain.go:33.3,33.44 1 1
desafio-nu/core/usecases/capital-gain.go:25.19,27.37 2 1
desafio-nu/core/usecases/capital-gain.go:28.20,30.37 2 1
desafio-nu/adapter/http.go:13.62,22.2 6 1
desafio-nu/adapter/http.go:24.41,26.2 1 1
desafio-nu/adapter/http.go:34.46,35.48 1 1
desafio-nu/adapter/http.go:35.48,37.3 1 1
desafio-nu/adapter/http.go:47.91,48.46 1 1
desafio-nu/adapter/http.go:48.46,52.17 3 1
desafio-nu/adapter/http.go:59.3,60.17 2 1
desafio-nu/adapter/http.go:67.3,67.36 1 1
desafio-nu/adapter/http.go:52.17,57.4 2 1
desafio-nu/adapter/http.go:60.17,65.4 2 1
desafio-nu/adapter/scan-adapter.go:14.21,16.2 1 0
desafio-nu/adapter/scan-adapter.go:18.63,24.2 4 0
desafio-nu/adapter/scan-adapter.go:26.80,28.16 2 0
desafio-nu/adapter/scan-adapter.go:31.2,31.18 1 0
desafio-nu/adapter/scan-adapter.go:28.16,30.3 1 0
