mode: set
desafio-nu/core/usecases/capital-gain.go:12.51,14.2 1 1
desafio-nu/core/usecases/capital-gain.go:16.91,24.32 7 1
desafio-nu/core/usecases/capital-gain.go:24.32,25.23 1 1
desafio-nu/core/usecases/capital-gain.go:26.19,28.37 2 1
desafio-nu/core/usecases/capital-gain.go:29.20,31.37 2 1
desafio-nu/core/usecases/capital-gain.go:34.3,34.27 1 1
desafio-nu/core/usecases/capital-gain.go:34.27,36.4 1 1
desafio-nu/core/usecases/capital-gain.go:36.9,38.4 1 1
desafio-nu/core/usecases/capital-gain.go:41.2,41.22 1 1
desafio-nu/adapter/http.go:13.62,22.2 6 1
desafio-nu/adapter/http.go:24.41,26.2 1 1
desafio-nu/adapter/http.go:34.46,35.48 1 1
desafio-nu/adapter/http.go:35.48,37.3 1 1
desafio-nu/adapter/http.go:47.91,48.46 1 1
desafio-nu/adapter/http.go:48.46,52.17 3 1
desafio-nu/adapter/http.go:52.17,57.4 2 1
desafio-nu/adapter/http.go:59.3,60.17 2 1
desafio-nu/adapter/http.go:60.17,65.4 2 1
desafio-nu/adapter/http.go:67.3,67.36 1 1
desafio-nu/adapter/scan-adapter.go:14.21,16.2 1 0
desafio-nu/adapter/scan-adapter.go:18.63,24.2 4 0
desafio-nu/adapter/scan-adapter.go:26.80,28.16 2 0
desafio-nu/adapter/scan-adapter.go:28.16,30.3 1 0
desafio-nu/adapter/scan-adapter.go:31.2,31.18 1 0
